<?xml version="1.0" encoding="UTF-8"?>
<!-- Generated by org.testng.reporters.JUnitXMLReporter -->
<testsuite hostname="PERFIOS-HW-099" ignored="0" name="Surefire test" tests="5" failures="0" timestamp="2021-10-02T11:10:40 IST" time="0.039" errors="0">
  <testcase name="IOSApps" time="0.004" classname="qaclickacademy.Mavenjava.AppiumTest"/>
  <testcase name="NativeAndroid" time="0.0" classname="qaclickacademy.Mavenjava.AppiumTest"/>
  <testcase name="postJira" time="0.0" classname="qaclickacademy.Mavenjava.RestAPITest"/>
  <testcase name="BrowserAutomation" time="0.0" classname="qaclickacademy.Mavenjava.SeleniumTest"/>
  <testcase name="elementsUi" time="0.0" classname="qaclickacademy.Mavenjava.SeleniumTest"/>
</testsuite> <!-- Surefire test -->
