<?xml version="1.0" encoding="UTF-8"?>
<!-- Generated by org.testng.reporters.JUnitXMLReporter -->
<testsuite hostname="PERFIOS-HW-099" ignored="0" name="Test" tests="3" failures="0" timestamp="2021-10-02T14:44:54 IST" time="0.036" errors="0">
  <testcase name="postJira" time="0.003" classname="qaclickacademy.Mavenjava.RestAPITest"/>
  <testcase name="IOSApps" time="0.0" classname="qaclickacademy.Mavenjava.AppiumTest"/>
  <testcase name="NativeAndroid" time="0.0" classname="qaclickacademy.Mavenjava.AppiumTest"/>
</testsuite> <!-- Test -->
