<?xml version="1.0" encoding="UTF-8" ?>
<testsuite tests="5" failures="0" name="TestSuite" time="0.008" errors="0" skipped="0">
  <properties>
[...]
</properties>
  <testcase classname="qaclickacademy.Mavenjava.AppiumTest" name="IOSApps" time="0.005"/>
  <testcase classname="qaclickacademy.Mavenjava.AppiumTest" name="NativeAndroid" time="0"/>
  <testcase classname="qaclickacademy.Mavenjava.RestAPITest" name="postJira" time="0.002"/>
  <testcase classname="qaclickacademy.Mavenjava.SeleniumTest" name="BrowserAutomation" time="0.001"/>
  <testcase classname="qaclickacademy.Mavenjava.SeleniumTest" name="elementsUi" time="0"/>
</testsuite>