<?xml version="1.0" encoding="UTF-8"?>
<testng-results skipped="0" failed="0" ignored="0" total="5" passed="5">
  <reporter-output>
  </reporter-output>
  <suite name="Command line suite" duration-ms="38" started-at="2021-10-02T14:45:11 IST" finished-at="2021-10-02T14:45:11 IST">
    <groups>
    </groups>
    <test name="Command line test" duration-ms="38" started-at="2021-10-02T14:45:11 IST" finished-at="2021-10-02T14:45:11 IST">
      <class name="qaclickacademy.Mavenjava.RestAPITest">
        <test-method status="PASS" signature="postJira()[pri:0, instance:qaclickacademy.Mavenjava.RestAPITest@370736d9]" name="postJira" duration-ms="0" started-at="2021-10-02T14:45:11 IST" finished-at="2021-10-02T14:45:11 IST">
          <reporter-output>
          </reporter-output>
        </test-method> <!-- postJira -->
      </class> <!-- qaclickacademy.Mavenjava.RestAPITest -->
      <class name="qaclickacademy.Mavenjava.AppiumTest">
        <test-method status="PASS" signature="IOSApps()[pri:0, instance:qaclickacademy.Mavenjava.AppiumTest@5383967b]" name="IOSApps" duration-ms="4" started-at="2021-10-02T14:45:11 IST" finished-at="2021-10-02T14:45:11 IST">
          <reporter-output>
          </reporter-output>
        </test-method> <!-- IOSApps -->
        <test-method status="PASS" signature="NativeAndroid()[pri:0, instance:qaclickacademy.Mavenjava.AppiumTest@5383967b]" name="NativeAndroid" duration-ms="0" started-at="2021-10-02T14:45:11 IST" finished-at="2021-10-02T14:45:11 IST">
          <reporter-output>
          </reporter-output>
        </test-method> <!-- NativeAndroid -->
      </class> <!-- qaclickacademy.Mavenjava.AppiumTest -->
      <class name="qaclickacademy.Mavenjava.SeleniumTest">
        <test-method status="PASS" signature="BrowserAutomation()[pri:0, instance:qaclickacademy.Mavenjava.SeleniumTest@5f9d02cb]" name="BrowserAutomation" duration-ms="1" started-at="2021-10-02T14:45:11 IST" finished-at="2021-10-02T14:45:11 IST">
          <reporter-output>
          </reporter-output>
        </test-method> <!-- BrowserAutomation -->
        <test-method status="PASS" signature="elementsUi()[pri:0, instance:qaclickacademy.Mavenjava.SeleniumTest@5f9d02cb]" name="elementsUi" duration-ms="0" started-at="2021-10-02T14:45:11 IST" finished-at="2021-10-02T14:45:11 IST">
          <reporter-output>
          </reporter-output>
        </test-method> <!-- elementsUi -->
      </class> <!-- qaclickacademy.Mavenjava.SeleniumTest -->
    </test> <!-- Command line test -->
  </suite> <!-- Command line suite -->
</testng-results>
