<?xml version="1.0" encoding="UTF-8"?>
<testng-results ignored="0" total="1" passed="1" failed="0" skipped="0">
  <reporter-output>
  </reporter-output>
  <suite started-at="2021-10-02T11:25:50 IST" name="Default suite" finished-at="2021-10-02T11:25:50 IST" duration-ms="50">
    <groups>
    </groups>
    <test started-at="2021-10-02T11:25:50 IST" name="Default test" finished-at="2021-10-02T11:25:50 IST" duration-ms="50">
      <class name="qaclickacademy.Mavenjava.RestAPITest">
        <test-method signature="postJira()[pri:0, instance:qaclickacademy.Mavenjava.RestAPITest@4de4b452]" started-at="2021-10-02T11:25:50 IST" name="postJira" finished-at="2021-10-02T11:25:50 IST" duration-ms="11" status="PASS">
          <reporter-output>
          </reporter-output>
        </test-method> <!-- postJira -->
      </class> <!-- qaclickacademy.Mavenjava.RestAPITest -->
    </test> <!-- Default test -->
  </suite> <!-- Default suite -->
</testng-results>
